[debug] [2023-11-26T08:38:11.112Z] ----------------------------------------------------------------------
[debug] [2023-11-26T08:38:11.115Z] Command:       C:\Program Files\nodejs\node.exe C:\Users\rabif\AppData\Roaming\npm\node_modules\firebase-tools\lib\bin\firebase.js init
[debug] [2023-11-26T08:38:11.115Z] CLI Version:   12.7.0
[debug] [2023-11-26T08:38:11.115Z] Platform:      win32
[debug] [2023-11-26T08:38:11.115Z] Node Version:  v20.5.1
[debug] [2023-11-26T08:38:11.115Z] Time:          Sun Nov 26 2023 13:38:11 GMT+0500 (Pakistan Standard Time)
[debug] [2023-11-26T08:38:11.115Z] ----------------------------------------------------------------------
[debug] 
[debug] [2023-11-26T08:38:11.119Z] >>> [apiv2][query] GET https://firebase-public.firebaseio.com/cli.json [none]
[debug] [2023-11-26T08:38:11.164Z] > command requires scopes: ["email","openid","https://www.googleapis.com/auth/cloudplatformprojects.readonly","https://www.googleapis.com/auth/firebase","https://www.googleapis.com/auth/cloud-platform"]
[debug] [2023-11-26T08:38:11.164Z] > authorizing via signed-in user (rabifaraz@gmail.com)
[info] 
     ######## #### ########  ######## ########     ###     ######  ########
     ##        ##  ##     ## ##       ##     ##  ##   ##  ##       ##
     ######    ##  ########  ######   ########  #########  ######  ######
     ##        ##  ##    ##  ##       ##     ## ##     ##       ## ##
     ##       #### ##     ## ######## ########  ##     ##  ######  ########

You're about to initialize a Firebase project in this directory:

  C:\Class Assignment\JavaScript\TodoApp

Before we get started, keep in mind:

  * You are currently outside your home directory

[debug] [2023-11-26T08:38:11.845Z] <<< [apiv2][status] GET https://firebase-public.firebaseio.com/cli.json 200
[debug] [2023-11-26T08:38:11.845Z] <<< [apiv2][body] GET https://firebase-public.firebaseio.com/cli.json {"cloudBuildErrorAfter":1594252800000,"cloudBuildWarnAfter":1590019200000,"defaultNode10After":1594252800000,"minVersion":"3.0.5","node8DeploysDisabledAfter":1613390400000,"node8RuntimeDisabledAfter":1615809600000,"node8WarnAfter":1600128000000}
